Tue Sep 24 06:41:45 2019,449 [640] ERROR orangehrm - 0 : cURL error 6: Could not resolve host: marketplace.orangehrm.com (see http://curl.haxx.se/libcurl/c/libcurl-errors.html)
Tue Sep 24 06:41:45 2019,453 [640] ERROR orangehrm - #0 C:\xampp\htdocs\orangehrm-4.3.3\symfony\lib\vendor\guzzlehttp\guzzle\src\Handler\CurlFactory.php(149): GuzzleHttp\Handler\CurlFactory::createRejection(Object(GuzzleHttp\Handler\EasyHandle), Array)
#1 C:\xampp\htdocs\orangehrm-4.3.3\symfony\lib\vendor\guzzlehttp\guzzle\src\Handler\CurlFactory.php(102): GuzzleHttp\Handler\CurlFactory::finishError(Object(GuzzleHttp\Handler\CurlHandler), Object(GuzzleHttp\Handler\EasyHandle), Object(GuzzleHttp\Handler\CurlFactory))
#2 C:\xampp\htdocs\orangehrm-4.3.3\symfony\lib\vendor\guzzlehttp\guzzle\src\Handler\CurlHandler.php(43): GuzzleHttp\Handler\CurlFactory::finish(Object(GuzzleHttp\Handler\CurlHandler), Object(GuzzleHttp\Handler\EasyHandle), Object(GuzzleHttp\Handler\CurlFactory))
#3 C:\xampp\htdocs\orangehrm-4.3.3\symfony\lib\vendor\guzzlehttp\guzzle\src\Handler\Proxy.php(28): GuzzleHttp\Handler\CurlHandler->__invoke(Object(GuzzleHttp\Psr7\Request), Array)
#4 C:\xampp\htdocs\orangehrm-4.3.3\symfony\lib\vendor\guzzlehttp\guzzle\src\Handler\Proxy.php(51): GuzzleHttp\Handler\Proxy::GuzzleHttp\Handler\{closure}(Object(GuzzleHttp\Psr7\Request), Array)
#5 C:\xampp\htdocs\orangehrm-4.3.3\symfony\lib\vendor\guzzlehttp\guzzle\src\PrepareBodyMiddleware.php(66): GuzzleHttp\Handler\Proxy::GuzzleHttp\Handler\{closure}(Object(GuzzleHttp\Psr7\Request), Array)
#6 C:\xampp\htdocs\orangehrm-4.3.3\symfony\lib\vendor\guzzlehttp\guzzle\src\Middleware.php(30): GuzzleHttp\PrepareBodyMiddleware->__invoke(Object(GuzzleHttp\Psr7\Request), Array)
#7 C:\xampp\htdocs\orangehrm-4.3.3\symfony\lib\vendor\guzzlehttp\guzzle\src\RedirectMiddleware.php(70): GuzzleHttp\Middleware::GuzzleHttp\{closure}(Object(GuzzleHttp\Psr7\Request), Array)
#8 C:\xampp\htdocs\orangehrm-4.3.3\symfony\lib\vendor\guzzlehttp\guzzle\src\Middleware.php(60): GuzzleHttp\RedirectMiddleware->__invoke(Object(GuzzleHttp\Psr7\Request), Array)
#9 C:\xampp\htdocs\orangehrm-4.3.3\symfony\lib\vendor\guzzlehttp\guzzle\src\HandlerStack.php(67): GuzzleHttp\Middleware::GuzzleHttp\{closure}(Object(GuzzleHttp\Psr7\Request), Array)
#10 C:\xampp\htdocs\orangehrm-4.3.3\symfony\lib\vendor\guzzlehttp\guzzle\src\Client.php(277): GuzzleHttp\HandlerStack->__invoke(Object(GuzzleHttp\Psr7\Request), Array)
#11 C:\xampp\htdocs\orangehrm-4.3.3\symfony\lib\vendor\guzzlehttp\guzzle\src\Client.php(125): GuzzleHttp\Client->transfer(Object(GuzzleHttp\Psr7\Request), Array)
#12 C:\xampp\htdocs\orangehrm-4.3.3\symfony\lib\vendor\guzzlehttp\guzzle\src\Client.php(131): GuzzleHttp\Client->requestAsync('post', Object(GuzzleHttp\Psr7\Uri), Array)
#13 C:\xampp\htdocs\orangehrm-4.3.3\symfony\lib\vendor\guzzlehttp\guzzle\src\Client.php(89): GuzzleHttp\Client->request('post', '/api/v1/handsha...', Array)
#14 C:\xampp\htdocs\orangehrm-4.3.3\symfony\plugins\orangehrmMarketPlacePlugin\lib\manager\APIManagerService.php(391): GuzzleHttp\Client->__call('post', Array)
#15 C:\xampp\htdocs\orangehrm-4.3.3\symfony\plugins\orangehrmMarketPlacePlugin\lib\manager\APIManagerService.php(149): APIManagerService->handShakeWithMarketPlace()
#16 C:\xampp\htdocs\orangehrm-4.3.3\symfony\plugins\orangehrmMarketPlacePlugin\lib\manager\APIManagerService.php(74): APIManagerService->getApiToken()
#17 C:\xampp\htdocs\orangehrm-4.3.3\symfony\plugins\orangehrmMarketPlacePlugin\lib\manager\APIManagerService.php(63): APIManagerService->getAddonsFromMP(true)
#18 C:\xampp\htdocs\orangehrm-4.3.3\symfony\plugins\orangehrmMarketPlacePlugin\modules\marketPlace\actions\baseAddonAction.class.php(84): APIManagerService->getAddons(true)
#19 C:\xampp\htdocs\orangehrm-4.3.3\symfony\plugins\orangehrmMarketPlacePlugin\modules\marketPlace\actions\ohrmAddonsAction.class.php(86): baseAddonAction->getAddons(true)
#20 C:\xampp\htdocs\orangehrm-4.3.3\symfony\cache\orangehrm\prod\config\config_core_compile.yml.php(967): ohrmAddonsAction->execute(Object(sfWebRequest))
#21 C:\xampp\htdocs\orangehrm-4.3.3\symfony\plugins\orangehrmCorePlugin\lib\filter\orangehrmExecutionFilter.php(42): sfExecutionFilter->executeAction(Object(ohrmAddonsAction))
#22 C:\xampp\htdocs\orangehrm-4.3.3\symfony\cache\orangehrm\prod\config\config_core_compile.yml.php(962): orangehrmExecutionFilter->executeAction(Object(ohrmAddonsAction))
#23 C:\xampp\htdocs\orangehrm-4.3.3\symfony\cache\orangehrm\prod\config\config_core_compile.yml.php(948): sfExecutionFilter->handleAction(Object(sfFilterChain), Object(ohrmAddonsAction))
#24 C:\xampp\htdocs\orangehrm-4.3.3\symfony\cache\orangehrm\prod\config\config_core_compile.yml.php(1044): sfExecutionFilter->execute(Object(sfFilterChain))
#25 C:\xampp\htdocs\orangehrm-4.3.3\symfony\lib\vendor\symfony\lib\filter\sfCommonFilter.class.php(29): sfFilterChain->execute()
#26 C:\xampp\htdocs\orangehrm-4.3.3\symfony\cache\orangehrm\prod\config\config_core_compile.yml.php(1044): sfCommonFilter->execute(Object(sfFilterChain))
#27 C:\xampp\htdocs\orangehrm-4.3.3\symfony\plugins\orangehrmCorePlugin\lib\filter\orangehrmPostExecutionFilter.php(22): sfFilterChain->execute()
#28 C:\xampp\htdocs\orangehrm-4.3.3\symfony\cache\orangehrm\prod\config\config_core_compile.yml.php(1044): orangehrmPostExecutionFilter->execute(Object(sfFilterChain))
#29 C:\xampp\htdocs\orangehrm-4.3.3\symfony\apps\orangehrm\lib\filter\ModuleFilter.php(56): sfFilterChain->execute()
#30 C:\xampp\htdocs\orangehrm-4.3.3\symfony\cache\orangehrm\prod\config\config_core_compile.yml.php(1044): ModuleFilter->execute(Object(sfFilterChain))
#31 C:\xampp\htdocs\orangehrm-4.3.3\symfony\plugins\orangehrmCorePlugin\lib\authorization\filter\ohrmAuthorizationFilter.php(101): sfFilterChain->execute()
#32 C:\xampp\htdocs\orangehrm-4.3.3\symfony\cache\orangehrm\prod\config\config_core_compile.yml.php(1044): ohrmAuthorizationFilter->execute(Object(sfFilterChain))
#33 C:\xampp\htdocs\orangehrm-4.3.3\symfony\apps\orangehrm\lib\filter\SessionInfoFetcherFilter.php(67): sfFilterChain->execute()
#34 C:\xampp\htdocs\orangehrm-4.3.3\symfony\cache\orangehrm\prod\config\config_core_compile.yml.php(1044): SessionInfoFetcherFilter->execute(Object(sfFilterChain))
#35 C:\xampp\htdocs\orangehrm-4.3.3\symfony\apps\orangehrm\lib\filter\OrangeI18NFilter.php(58): sfFilterChain->execute()
#36 C:\xampp\htdocs\orangehrm-4.3.3\symfony\cache\orangehrm\prod\config\config_core_compile.yml.php(1044): OrangeI18NFilter->execute(Object(sfFilterChain))
#37 C:\xampp\htdocs\orangehrm-4.3.3\symfony\apps\orangehrm\lib\filter\ExceptionCatcherFilter.php(26): sfFilterChain->execute()
#38 C:\xampp\htdocs\orangehrm-4.3.3\symfony\cache\orangehrm\prod\config\config_core_compile.yml.php(1044): ExceptionCatcherFilter->execute(Object(sfFilterChain))
#39 C:\xampp\htdocs\orangehrm-4.3.3\symfony\lib\vendor\symfony\lib\filter\sfBasicSecurityFilter.class.php(72): sfFilterChain->execute()
#40 C:\xampp\htdocs\orangehrm-4.3.3\symfony\cache\orangehrm\prod\config\config_core_compile.yml.php(1044): sfBasicSecurityFilter->execute(Object(sfFilterChain))
#41 C:\xampp\htdocs\orangehrm-4.3.3\symfony\cache\orangehrm\prod\config\config_core_compile.yml.php(1009): sfFilterChain->execute()
#42 C:\xampp\htdocs\orangehrm-4.3.3\symfony\cache\orangehrm\prod\config\config_core_compile.yml.php(1044): sfRenderingFilter->execute(Object(sfFilterChain))
#43 C:\xampp\htdocs\orangehrm-4.3.3\symfony\cache\orangehrm\prod\config\config_core_compile.yml.php(685): sfFilterChain->execute()
#44 C:\xampp\htdocs\orangehrm-4.3.3\symfony\cache\orangehrm\prod\config\config_core_compile.yml.php(2773): sfController->forward('marketPlace', 'ohrmAddons')
#45 C:\xampp\htdocs\orangehrm-4.3.3\symfony\lib\vendor\symfony\lib\util\sfContext.class.php(179): sfFrontWebController->dispatch()
#46 C:\xampp\htdocs\orangehrm-4.3.3\symfony\web\index.php(22): sfContext->dispatch()
#47 {main}
